# JRE version: OpenJDK Runtime Environment (17.0.10) (build 17.0.10+0--11609105)
# Java VM: OpenJDK 64-Bit Server VM (17.0.10+0--11609105, mixed mode, tiered, compressed oops, compressed class ptrs, g1 gc, windows-amd64)
GC Precious Log:
 CPUs: 8 total, 8 available
 Memory: 3889M
 Large Page Support: Disabled
 NUMA Support: Disabled
 Compressed Oops: Enabled (32-bit)
 Heap Region Size: 1M
 Heap Min Capacity: 8M
 Heap Initial Capacity: 62M
 Heap Max Capacity: 2G
 Pre-touch: Disabled
 Parallel Workers: 8
 Concurrent Workers: 2
 Concurrent Refinement Workers: 8
 Periodic GC: Disabled
Heap:
 garbage-first heap   total 347136K, used 168783K [0x0000000080000000, 0x0000000100000000)
  region size 1024K, 16 young (16384K), 16 survivors (16384K)
 Metaspace       used 113376K, committed 114112K, reserved 1179648K
  class space    used 15866K, committed 16256K, reserved 1048576K
GC Heap History (20 events):
Event: 16.428 GC heap after
{Heap after GC invocations=34 (full 0):
 garbage-first heap   total 239616K, used 71220K [0x0000000080000000, 0x0000000100000000)
  region size 1024K, 6 young (6144K), 6 survivors (6144K)
 Metaspace       used 67521K, committed 68160K, reserved 1114112K
  class space    used 9182K, committed 9472K, reserved 1048576K
}
Event: 19.253 GC heap before
{Heap before GC invocations=34 (full 0):
 garbage-first heap   total 239616K, used 190004K [0x0000000080000000, 0x0000000100000000)
  region size 1024K, 118 young (120832K), 6 survivors (6144K)
 Metaspace       used 78028K, committed 78656K, reserved 1179648K
  class space    used 10605K, committed 10880K, reserved 1048576K
}
Event: 19.313 GC heap after
{Heap after GC invocations=35 (full 0):
 garbage-first heap   total 239616K, used 81387K [0x0000000080000000, 0x0000000100000000)
  region size 1024K, 12 young (12288K), 12 survivors (12288K)
 Metaspace       used 78028K, committed 78656K, reserved 1179648K
  class space    used 10605K, committed 10880K, reserved 1048576K
}
Event: 23.777 GC heap before
{Heap before GC invocations=35 (full 0):
 garbage-first heap   total 239616K, used 189931K [0x0000000080000000, 0x0000000100000000)
  region size 1024K, 117 young (119808K), 12 survivors (12288K)
 Metaspace       used 83695K, committed 84288K, reserved 1179648K
  class space    used 11388K, committed 11712K, reserved 1048576K
}
Event: 23.921 GC heap after
{Heap after GC invocations=36 (full 0):
 garbage-first heap   total 239616K, used 88230K [0x0000000080000000, 0x0000000100000000)
  region size 1024K, 13 young (13312K), 13 survivors (13312K)
 Metaspace       used 83695K, committed 84288K, reserved 1179648K
  class space    used 11388K, committed 11712K, reserved 1048576K
}
Event: 26.900 GC heap before
{Heap before GC invocations=36 (full 0):
 garbage-first heap   total 239616K, used 191654K [0x0000000080000000, 0x0000000100000000)
  region size 1024K, 114 young (116736K), 13 survivors (13312K)
 Metaspace       used 91176K, committed 91840K, reserved 1179648K
  class space    used 12653K, committed 12992K, reserved 1048576K
}
Event: 26.998 GC heap after
{Heap after GC invocations=37 (full 0):
 garbage-first heap   total 239616K, used 93289K [0x0000000080000000, 0x0000000100000000)
  region size 1024K, 12 young (12288K), 12 survivors (12288K)
 Metaspace       used 91176K, committed 91840K, reserved 1179648K
  class space    used 12653K, committed 12992K, reserved 1048576K
}
Event: 28.896 GC heap before
{Heap before GC invocations=37 (full 0):
 garbage-first heap   total 239616K, used 163945K [0x0000000080000000, 0x0000000100000000)
  region size 1024K, 82 young (83968K), 12 survivors (12288K)
 Metaspace       used 97342K, committed 98048K, reserved 1179648K
  class space    used 13534K, committed 13888K, reserved 1048576K
}
Event: 28.957 GC heap after
{Heap after GC invocations=38 (full 0):
 garbage-first heap   total 347136K, used 96900K [0x0000000080000000, 0x0000000100000000)
  region size 1024K, 9 young (9216K), 9 survivors (9216K)
 Metaspace       used 97342K, committed 98048K, reserved 1179648K
  class space    used 13534K, committed 13888K, reserved 1048576K
}
Event: 35.004 GC heap before
{Heap before GC invocations=39 (full 0):
 garbage-first heap   total 347136K, used 283268K [0x0000000080000000, 0x0000000100000000)
  region size 1024K, 192 young (196608K), 9 survivors (9216K)
 Metaspace       used 101572K, committed 102272K, reserved 1179648K
  class space    used 14189K, committed 14528K, reserved 1048576K
}
Event: 35.201 GC heap after
{Heap after GC invocations=40 (full 0):
 garbage-first heap   total 347136K, used 108918K [0x0000000080000000, 0x0000000100000000)
  region size 1024K, 20 young (20480K), 20 survivors (20480K)
 Metaspace       used 101572K, committed 102272K, reserved 1179648K
  class space    used 14189K, committed 14528K, reserved 1048576K
}
Event: 35.230 GC heap before
{Heap before GC invocations=40 (full 0):
 garbage-first heap   total 347136K, used 109942K [0x0000000080000000, 0x0000000100000000)
  region size 1024K, 21 young (21504K), 20 survivors (20480K)
 Metaspace       used 101585K, committed 102336K, reserved 1179648K
  class space    used 14189K, committed 14528K, reserved 1048576K
}
Event: 35.292 GC heap after
{Heap after GC invocations=41 (full 0):
 garbage-first heap   total 347136K, used 109593K [0x0000000080000000, 0x0000000100000000)
  region size 1024K, 3 young (3072K), 3 survivors (3072K)
 Metaspace       used 101585K, committed 102336K, reserved 1179648K
  class space    used 14189K, committed 14528K, reserved 1048576K
}
Event: 38.511 GC heap before
{Heap before GC invocations=41 (full 0):
 garbage-first heap   total 347136K, used 277529K [0x0000000080000000, 0x0000000100000000)
  region size 1024K, 163 young (166912K), 3 survivors (3072K)
 Metaspace       used 106286K, committed 107072K, reserved 1179648K
  class space    used 14778K, committed 15168K, reserved 1048576K
}
Event: 38.764 GC heap after
{Heap after GC invocations=42 (full 0):
 garbage-first heap   total 347136K, used 133120K [0x0000000080000000, 0x0000000100000000)
  region size 1024K, 21 young (21504K), 21 survivors (21504K)
 Metaspace       used 106286K, committed 107072K, reserved 1179648K
  class space    used 14778K, committed 15168K, reserved 1048576K
}
Event: 40.787 GC heap before
{Heap before GC invocations=43 (full 0):
 garbage-first heap   total 347136K, used 244736K [0x0000000080000000, 0x0000000100000000)
  region size 1024K, 131 young (134144K), 21 survivors (21504K)
 Metaspace       used 110655K, committed 111488K, reserved 1179648K
  class space    used 15441K, committed 15872K, reserved 1048576K
}
Event: 40.959 GC heap after
{Heap after GC invocations=44 (full 0):
 garbage-first heap   total 347136K, used 150678K [0x0000000080000000, 0x0000000100000000)
  region size 1024K, 17 young (17408K), 17 survivors (17408K)
 Metaspace       used 110655K, committed 111488K, reserved 1179648K
  class space    used 15441K, committed 15872K, reserved 1048576K
}
Event: 41.167 GC heap before
{Heap before GC invocations=44 (full 0):
 garbage-first heap   total 347136K, used 151702K [0x0000000080000000, 0x0000000100000000)
  region size 1024K, 18 young (18432K), 17 survivors (17408K)
 Metaspace       used 110655K, committed 111488K, reserved 1179648K
  class space    used 15441K, committed 15872K, reserved 1048576K
}
Event: 41.227 GC heap after
{Heap after GC invocations=45 (full 0):
 garbage-first heap   total 347136K, used 152349K [0x0000000080000000, 0x0000000100000000)
  region size 1024K, 3 young (3072K), 3 survivors (3072K)
 Metaspace       used 110655K, committed 111488K, reserved 1179648K
  class space    used 15441K, committed 15872K, reserved 1048576K
}
Event: 42.182 GC heap before
{Heap before GC invocations=45 (full 0):
 garbage-first heap   total 347136K, used 273181K [0x0000000080000000, 0x0000000100000000)
  region size 1024K, 121 young (123904K), 3 survivors (3072K)
 Metaspace       used 113376K, committed 114112K, reserved 1179648K
  class space    used 15866K, committed 16256K, reserved 1048576K
}

