# JRE version: OpenJDK Runtime Environment (17.0.10) (build 17.0.10+0--11609105)
# Java VM: OpenJDK 64-Bit Server VM (17.0.10+0--11609105, mixed mode, tiered, compressed oops, compressed class ptrs, g1 gc, windows-amd64)
GC Precious Log:
 CPUs: 8 total, 8 available
 Memory: 3889M
 Large Page Support: Disabled
 NUMA Support: Disabled
 Compressed Oops: Enabled (32-bit)
 Heap Region Size: 1M
 Heap Min Capacity: 8M
 Heap Initial Capacity: 62M
 Heap Max Capacity: 2G
 Pre-touch: Disabled
 Parallel Workers: 8
 Concurrent Workers: 2
 Concurrent Refinement Workers: 8
 Periodic GC: Disabled
Heap:
 garbage-first heap   total 601088K, used 236633K [0x0000000080000000, 0x0000000100000000)
  region size 1024K, 4 young (4096K), 4 survivors (4096K)
 Metaspace       used 219953K, committed 221184K, reserved 1245184K
  class space    used 29405K, committed 29952K, reserved 1048576K
GC Heap History (20 events):
Event: 333.618 GC heap after
{Heap after GC invocations=56 (full 0):
 garbage-first heap   total 614400K, used 202768K [0x0000000080000000, 0x0000000100000000)
  region size 1024K, 14 young (14336K), 14 survivors (14336K)
 Metaspace       used 154981K, committed 156224K, reserved 1245184K
  class space    used 21540K, committed 22144K, reserved 1048576K
}
Event: 335.724 GC heap before
{Heap before GC invocations=57 (full 0):
 garbage-first heap   total 614400K, used 457744K [0x0000000080000000, 0x0000000100000000)
  region size 1024K, 264 young (270336K), 14 survivors (14336K)
 Metaspace       used 155553K, committed 156800K, reserved 1245184K
  class space    used 21627K, committed 22272K, reserved 1048576K
}
Event: 335.747 GC heap after
{Heap after GC invocations=58 (full 0):
 garbage-first heap   total 614400K, used 212398K [0x0000000080000000, 0x0000000100000000)
  region size 1024K, 23 young (23552K), 23 survivors (23552K)
 Metaspace       used 155553K, committed 156800K, reserved 1245184K
  class space    used 21627K, committed 22272K, reserved 1048576K
}
Event: 495.421 GC heap before
{Heap before GC invocations=58 (full 0):
 garbage-first heap   total 614400K, used 219566K [0x0000000080000000, 0x0000000100000000)
  region size 1024K, 30 young (30720K), 23 survivors (23552K)
 Metaspace       used 155563K, committed 156800K, reserved 1245184K
  class space    used 21627K, committed 22272K, reserved 1048576K
}
Event: 495.874 GC heap after
{Heap after GC invocations=59 (full 0):
 garbage-first heap   total 614400K, used 211696K [0x0000000080000000, 0x0000000100000000)
  region size 1024K, 3 young (3072K), 3 survivors (3072K)
 Metaspace       used 155563K, committed 156800K, reserved 1245184K
  class space    used 21627K, committed 22272K, reserved 1048576K
}
Event: 3933.802 GC heap before
{Heap before GC invocations=59 (full 0):
 garbage-first heap   total 614400K, used 278256K [0x0000000080000000, 0x0000000100000000)
  region size 1024K, 69 young (70656K), 3 survivors (3072K)
 Metaspace       used 155784K, committed 157056K, reserved 1245184K
  class space    used 21631K, committed 22272K, reserved 1048576K
}
Event: 3935.344 GC heap after
{Heap after GC invocations=60 (full 1):
 garbage-first heap   total 601088K, used 175533K [0x0000000080000000, 0x0000000100000000)
  region size 1024K, 0 young (0K), 0 survivors (0K)
 Metaspace       used 155784K, committed 157056K, reserved 1245184K
  class space    used 21631K, committed 22272K, reserved 1048576K
}
Event: 5904.850 GC heap before
{Heap before GC invocations=60 (full 1):
 garbage-first heap   total 601088K, used 402861K [0x0000000080000000, 0x0000000100000000)
  region size 1024K, 224 young (229376K), 0 survivors (0K)
 Metaspace       used 179756K, committed 181120K, reserved 1245184K
  class space    used 25061K, committed 25728K, reserved 1048576K
}
Event: 5904.931 GC heap after
{Heap after GC invocations=61 (full 1):
 garbage-first heap   total 601088K, used 183663K [0x0000000080000000, 0x0000000100000000)
  region size 1024K, 8 young (8192K), 8 survivors (8192K)
 Metaspace       used 179756K, committed 181120K, reserved 1245184K
  class space    used 25061K, committed 25728K, reserved 1048576K
}
Event: 5910.668 GC heap before
{Heap before GC invocations=62 (full 1):
 garbage-first heap   total 601088K, used 449903K [0x0000000080000000, 0x0000000100000000)
  region size 1024K, 254 young (260096K), 8 survivors (8192K)
 Metaspace       used 199172K, committed 200064K, reserved 1245184K
  class space    used 27169K, committed 27584K, reserved 1048576K
}
Event: 5910.815 GC heap after
{Heap after GC invocations=63 (full 1):
 garbage-first heap   total 601088K, used 209889K [0x0000000080000000, 0x0000000100000000)
  region size 1024K, 27 young (27648K), 27 survivors (27648K)
 Metaspace       used 199172K, committed 200064K, reserved 1245184K
  class space    used 27169K, committed 27584K, reserved 1048576K
}
Event: 5910.892 GC heap before
{Heap before GC invocations=63 (full 1):
 garbage-first heap   total 601088K, used 211937K [0x0000000080000000, 0x0000000100000000)
  region size 1024K, 29 young (29696K), 27 survivors (27648K)
 Metaspace       used 199193K, committed 200064K, reserved 1245184K
  class space    used 27171K, committed 27584K, reserved 1048576K
}
Event: 5911.024 GC heap after
{Heap after GC invocations=64 (full 1):
 garbage-first heap   total 601088K, used 210629K [0x0000000080000000, 0x0000000100000000)
  region size 1024K, 4 young (4096K), 4 survivors (4096K)
 Metaspace       used 199193K, committed 200064K, reserved 1245184K
  class space    used 27171K, committed 27584K, reserved 1048576K
}
Event: 7152.605 GC heap before
{Heap before GC invocations=64 (full 1):
 garbage-first heap   total 601088K, used 466629K [0x0000000080000000, 0x0000000100000000)
  region size 1024K, 255 young (261120K), 4 survivors (4096K)
 Metaspace       used 220086K, committed 221184K, reserved 1245184K
  class space    used 29432K, committed 29952K, reserved 1048576K
}
Event: 7153.498 GC heap after
{Heap after GC invocations=65 (full 1):
 garbage-first heap   total 601088K, used 219233K [0x0000000080000000, 0x0000000100000000)
  region size 1024K, 12 young (12288K), 12 survivors (12288K)
 Metaspace       used 220086K, committed 221184K, reserved 1245184K
  class space    used 29432K, committed 29952K, reserved 1048576K
}
Event: 7160.113 GC heap before
{Heap before GC invocations=66 (full 1):
 garbage-first heap   total 601088K, used 235617K [0x0000000080000000, 0x0000000100000000)
  region size 1024K, 29 young (29696K), 12 survivors (12288K)
 Metaspace       used 219952K, committed 221184K, reserved 1245184K
  class space    used 29405K, committed 29952K, reserved 1048576K
}
Event: 7160.249 GC heap after
{Heap after GC invocations=67 (full 1):
 garbage-first heap   total 601088K, used 222766K [0x0000000080000000, 0x0000000100000000)
  region size 1024K, 4 young (4096K), 4 survivors (4096K)
 Metaspace       used 219952K, committed 221184K, reserved 1245184K
  class space    used 29405K, committed 29952K, reserved 1048576K
}
Event: 7160.491 GC heap before
{Heap before GC invocations=67 (full 1):
 garbage-first heap   total 601088K, used 247342K [0x0000000080000000, 0x0000000100000000)
  region size 1024K, 29 young (29696K), 4 survivors (4096K)
 Metaspace       used 219952K, committed 221184K, reserved 1245184K
  class space    used 29405K, committed 29952K, reserved 1048576K
}
Event: 7160.574 GC heap after
{Heap after GC invocations=68 (full 1):
 garbage-first heap   total 601088K, used 228955K [0x0000000080000000, 0x0000000100000000)
  region size 1024K, 4 young (4096K), 4 survivors (4096K)
 Metaspace       used 219952K, committed 221184K, reserved 1245184K
  class space    used 29405K, committed 29952K, reserved 1048576K
}
Event: 7161.389 GC heap before
{Heap before GC invocations=68 (full 1):
 garbage-first heap   total 601088K, used 254555K [0x0000000080000000, 0x0000000100000000)
  region size 1024K, 29 young (29696K), 4 survivors (4096K)
 Metaspace       used 219953K, committed 221184K, reserved 1245184K
  class space    used 29405K, committed 29952K, reserved 1048576K
}

